<?xml version="1.0" encoding="UTF-8"?>
<!-- Generated by org.testng.reporters.JUnitReportReporter -->
<testsuite skipped="0" hostname="DESKTOP-MGQTMR8" name="testNG.Demo" tests="4" failures="0" timestamp="27 Apr 2021 05:44:10 GMT" time="0.057" errors="0">
  <testcase name="sample1" time="0.032" classname="testNG.Demo"/>
  <testcase name="sample1" time="0.007" classname="testNG.Demo"/>
  <testcase name="sample3" time="0.017" classname="testNG.Demo"/>
  <testcase name="sample" time="0.001" classname="testNG.Demo"/>
</testsuite> <!-- testNG.Demo -->
