<?xml version="1.0" encoding="UTF-8"?>
<!-- Generated by org.testng.reporters.JUnitReportReporter -->
<testsuite hostname="DESKTOP-MGQTMR8" failures="0" tests="3" name="testNG.Sample" time="0.014" errors="0" timestamp="2021-05-04T08:02:11 IST" skipped="0">
  <testcase classname="testNG.Sample" name="sample1" time="0.002"/>
  <system-out>
hi  </system-out>
  <testcase classname="testNG.Sample" name="sample1" time="0.002"/>
  <system-out>
hi  </system-out>
  <testcase classname="testNG.Sample" name="sample1" time="0.010"/>
  <system-out>
hi  </system-out>
</testsuite> <!-- testNG.Sample -->
