<?xml version="1.0" encoding="UTF-8"?>
<!-- Generated by org.testng.reporters.JUnitReportReporter -->
<testsuite hostname="DESKTOP-MGQTMR8" failures="0" tests="1" name="testScript.TC_14" time="88.935" errors="0" timestamp="2021-04-28T07:51:40 IST" skipped="0">
  <testcase classname="testScript.TC_14" name="sample2" time="88.935"/>
  <system-out/>
</testsuite> <!-- testScript.TC_14 -->
