<?xml version="1.0" encoding="UTF-8"?>
<!-- Generated by org.testng.reporters.JUnitReportReporter -->
<testsuite hostname="DESKTOP-MGQTMR8" failures="0" tests="1" name="testScript.TestScript1" time="1.676" errors="0" timestamp="2021-04-27T16:26:20 IST" skipped="0">
  <testcase classname="testScript.TestScript1" name="sample" time="1.676"/>
  <system-out>
haiii  </system-out>
</testsuite> <!-- testScript.TestScript1 -->
