<?xml version="1.0" encoding="UTF-8"?>
<!-- Generated by org.testng.reporters.JUnitReportReporter -->
<testsuite hostname="DESKTOP-MGQTMR8" failures="0" tests="1" name="testScript.simple" time="25.310" errors="0" timestamp="2021-04-27T16:31:58 IST" skipped="0">
  <testcase classname="testScript.simple" name="hello" time="25.310"/>
  <system-out>
hai heello  </system-out>
</testsuite> <!-- testScript.simple -->
